=== Run started  2025-11-09T12:55:36 ===
Args: addsimtype.py --addons-root .\testdata\addons\Airports --feed-root .\testdata\feed --dest-root .\testdata\dest\Airports
Log file: logs\addsimtype_2025-11-09_12-55-36.log
Initializing paths …
Roots: addons=testdata\addons\Airports | feed=testdata\feed | dest=testdata\dest\Airports
Space margin: 262144000 bytes
Feed index loaded: 1 (ICAO,version) MSFS entries.
WILL_UPDATE | VTBU | v1.2.0 | simType None -> MSFS 2020/2024 | testdata\addons\Airports\Thailand\VTBU Rayong\manifest.json
WILL_MOVE   | VTBU | v1.2.0 | (rename) testdata\addons\Airports\Thailand\VTBU Rayong -> testdata\dest\Airports\Thailand\VTBU Rayong

Summary:
  WILL_UPDATE: 1
  UPDATED    : 0
  NOOP       : 0
  NO_VERSION : 0
  NO_MATCH   : 0
  BAD_JSON   : 0
  WILL_MOVE  : 1
  MOVED      : 0
  SKIP_EXIST : 0
  MOVE_FAIL  : 0
  WILL_NO_SPACE: 0
  NO_SPACE     : 0
=== Run finished 2025-11-09T12:55:36 ===
